#
# A fatal error has been detected by the Java Runtime Environment:
#
#  EXCEPTION_ACCESS_VIOLATION (0xc0000005) at pc=0xffffffffffffffff, pid=3972, tid=2220
#
# JRE version: Java(TM) SE Runtime Environment (7.0_40-b43) (build 1.7.0_40-b43)
# Java VM: Java HotSpot(TM) 64-Bit Server VM (24.0-b56 mixed mode windows-amd64 compressed oops)
# Problematic frame:
# C  0xffffffffffffffff
#
# Failed to write core dump. Minidumps are not enabled by default on client versions of Windows
#
# If you would like to submit a bug report, please visit:
#   http://bugreport.sun.com/bugreport/crash.jsp
#

---------------  T H R E A D  ---------------

Current thread (0x00000000082b1800):  VMThread [stack: 0x0000000008b90000,0x0000000008c90000] [id=2220]

siginfo: ExceptionCode=0xc0000005, ExceptionInformation=0x0000000000000008 0xffffffffffffffff

Registers:
RAX=0x000007fed6e5004a, RBX=0x00000000095a0ab0, RCX=0x000000000250c300, RDX=0x0000000000000000
RSP=0x0000000008c8f3c8, RBP=0x0000000008205500, RSI=0x000007fed70d4ef0, RDI=0x00000000095a0ab0
R8 =0x0000000000000001, R9 =0x0000000008205500, R10=0x0000000000000000, R11=0x0000000000000286
R12=0x0000000000000001, R13=0x000000000250ef50, R14=0x000000000250ece0, R15=0x0000000000000000
RIP=0xffffffffffffffff, EFLAGS=0x0000000000010246

Top of Stack: (sp=0x0000000008c8f3c8)
0x0000000008c8f3c8:   000007fed6b13007 00000000095a0ab0
0x0000000008c8f3d8:   0000000008205500 000007fed70d4ef0
0x0000000008c8f3e8:   0000000076d93c2a 000007fed70d4e50
0x0000000008c8f3f8:   000007fed6e06070 00000000095a0ab0
0x0000000008c8f408:   000000000250ece0 0000000000000000
0x0000000008c8f418:   0000000000000000 000000000250ee30
0x0000000008c8f428:   000007fed6d547e5 000007fed6e06040
0x0000000008c8f438:   000000000250ece0 000007feea9cb1a8
0x0000000008c8f448:   00000000001dc9d0 000000000250ee30
0x0000000008c8f458:   000000000250ece0 000000000250ece0
0x0000000008c8f468:   000000000250ef50 0000000076e92670
0x0000000008c8f478:   0000000076e97be0 000007fffffd4000
0x0000000008c8f488:   000007fed6880000 0000000000000001
0x0000000008c8f498:   000007fed6d478b6 0000000000000001
0x0000000008c8f4a8:   0000000000000001 000007fe00000001
0x0000000008c8f4b8:   0000000000000000 0000000000000000 

Instructions: (pc=0xffffffffffffffff)
0xffffffffffffffdf:   


Register to memory mapping:

RAX=0x000007fed6e5004a is an unknown value
RBX=0x00000000095a0ab0 is an unknown value
RCX=0x000000000250c300 is an unknown value
RDX=0x0000000000000000 is an unknown value
RSP=0x0000000008c8f3c8 is an unknown value
RBP=0x0000000008205500 is an unknown value
RSI=0x000007fed70d4ef0 is an unknown value
RDI=0x00000000095a0ab0 is an unknown value
R8 =0x0000000000000001 is an unknown value
R9 =0x0000000008205500 is an unknown value
R10=0x0000000000000000 is an unknown value
R11=0x0000000000000286 is an unknown value
R12=0x0000000000000001 is an unknown value
R13=0x000000000250ef50 is an unknown value
R14=0x000000000250ece0 is an unknown value
R15=0x0000000000000000 is an unknown value


Stack: [0x0000000008b90000,0x0000000008c90000],  sp=0x0000000008c8f3c8,  free space=1020k
Native frames: (J=compiled Java code, j=interpreted, Vv=VM code, C=native code)
C  0xffffffffffffffff

VM_Operation (0x00000000103fd2e0): Exit, mode: safepoint, requested by thread 0x000000000d36d800


---------------  P R O C E S S  ---------------

Java Threads: ( => current thread )
  0x000000000d36d800 JavaThread "AWT-EventQueue-0" [_thread_blocked, id=6104, stack(0x0000000010300000,0x0000000010400000)]
  0x000000000838c800 JavaThread "AWT-Shutdown" [_thread_blocked, id=6068, stack(0x000000000d830000,0x000000000d930000)]
  0x000000000838c000 JavaThread "Java2D Disposer" daemon [_thread_blocked, id=4756, stack(0x000000000d010000,0x000000000d110000)]
  0x000000000831f800 JavaThread "Service Thread" daemon [_thread_blocked, id=3724, stack(0x0000000009480000,0x0000000009580000)]
  0x000000000831c800 JavaThread "C2 CompilerThread1" daemon [_thread_blocked, id=4776, stack(0x0000000008ef0000,0x0000000008ff0000)]
  0x000000000830e000 JavaThread "C2 CompilerThread0" daemon [_thread_blocked, id=6080, stack(0x0000000008cb0000,0x0000000008db0000)]
  0x000000000830c800 JavaThread "Attach Listener" daemon [_thread_blocked, id=6344, stack(0x00000000092a0000,0x00000000093a0000)]
  0x000000000830b000 JavaThread "Signal Dispatcher" daemon [_thread_blocked, id=3200, stack(0x00000000091a0000,0x00000000092a0000)]
  0x00000000022dd000 JavaThread "Finalizer" daemon [_thread_blocked, id=6696, stack(0x0000000009050000,0x0000000009150000)]
  0x00000000022d9000 JavaThread "Reference Handler" daemon [_thread_blocked, id=4608, stack(0x0000000008dc0000,0x0000000008ec0000)]
  0x00000000021dd800 JavaThread "main" [_thread_in_native, id=7116, stack(0x0000000002530000,0x0000000002630000)]

Other Threads:
=>0x00000000082b1800 VMThread [stack: 0x0000000008b90000,0x0000000008c90000] [id=2220]

VM state:at safepoint (shutting down)

VM Mutex/Monitor currently owned by a thread:  ([mutex/lock_event])
[0x00000000021dbc00] Threads_lock - owner thread: 0x00000000082b1800

Heap
 PSYoungGen      total 72704K, used 33292K [0x00000000eaa80000, 0x00000000f3880000, 0x0000000100000000)
  eden space 67584K, 45% used [0x00000000eaa80000,0x00000000ec842170,0x00000000eec80000)
  from space 5120K, 55% used [0x00000000eec80000,0x00000000eef41150,0x00000000ef180000)
  to   space 5120K, 0% used [0x00000000f3380000,0x00000000f3380000,0x00000000f3880000)
 ParOldGen       total 43520K, used 28939K [0x00000000c0000000, 0x00000000c2a80000, 0x00000000eaa80000)
  object space 43520K, 66% used [0x00000000c0000000,0x00000000c1c42eb8,0x00000000c2a80000)
 PSPermGen       total 21504K, used 7993K [0x00000000bae00000, 0x00000000bc300000, 0x00000000c0000000)
  object space 21504K, 37% used [0x00000000bae00000,0x00000000bb5ce528,0x00000000bc300000)

Card table byte_map: [0x0000000005630000,0x0000000005860000] byte_map_base: 0x0000000005059000

Polling page: 0x0000000000350000

Code Cache  [0x0000000002630000, 0x00000000028a0000, 0x0000000005630000)
 total_blobs=577 nmethods=19 adapters=512 free_code_cache=48541Kb largest_free_block=49686080

Compilation events (10 events):
Event: 4.908 Thread 0x000000000830e000   14             sun.java2d.pipe.RenderBuffer::putInt (26 bytes)
Event: 4.908 Thread 0x000000000830e000 nmethod 14 0x00000000026c4fd0 code [0x00000000026c5100, 0x00000000026c5178]
Event: 5.037 Thread 0x000000000831c800   16             java.util.concurrent.locks.AbstractQueuedSynchronizer::getState (5 bytes)
Event: 5.037 Thread 0x000000000831c800 nmethod 16 0x00000000026c4dd0 code [0x00000000026c4f00, 0x00000000026c4f58]
Event: 5.153 Thread 0x000000000830e000   17             java.util.HashMap::indexFor (6 bytes)
Event: 5.154 Thread 0x000000000830e000 nmethod 17 0x00000000026a94d0 code [0x00000000026a9600, 0x00000000026a9638]
Event: 5.154 Thread 0x000000000830e000   18             java.util.concurrent.locks.AbstractOwnableSynchronizer::getExclusiveOwnerThread (5 bytes)
Event: 5.154 Thread 0x000000000830e000 nmethod 18 0x00000000026c4bd0 code [0x00000000026c4d00, 0x00000000026c4d58]
Event: 5.498 Thread 0x000000000831c800   19             java.util.Arrays::fill (21 bytes)
Event: 5.501 Thread 0x000000000831c800 nmethod 19 0x00000000026c8410 code [0x00000000026c8540, 0x00000000026c8678]

GC Heap History (10 events):
Event: 2.568 GC heap before
{Heap before GC invocations=3 (full 0):
 PSYoungGen      total 19456K, used 17173K [0x00000000eaa80000, 0x00000000ec000000, 0x0000000100000000)
  eden space 16896K, 97% used [0x00000000eaa80000,0x00000000eba85458,0x00000000ebb00000)
  from space 2560K, 30% used [0x00000000ebd80000,0x00000000ebe40000,0x00000000ec000000)
  to   space 2560K, 0% used [0x00000000ebb00000,0x00000000ebb00000,0x00000000ebd80000)
 ParOldGen       total 43520K, used 7416K [0x00000000c0000000, 0x00000000c2a80000, 0x00000000eaa80000)
  object space 43520K, 17% used [0x00000000c0000000,0x00000000c073e030,0x00000000c2a80000)
 PSPermGen       total 21504K, used 7976K [0x00000000bae00000, 0x00000000bc300000, 0x00000000c0000000)
  object space 21504K, 37% used [0x00000000bae00000,0x00000000bb5ca160,0x00000000bc300000)
Event: 2.575 GC heap after
Heap after GC invocations=3 (full 0):
 PSYoungGen      total 19456K, used 2542K [0x00000000eaa80000, 0x00000000ed080000, 0x0000000100000000)
  eden space 16896K, 0% used [0x00000000eaa80000,0x00000000eaa80000,0x00000000ebb00000)
  from space 2560K, 99% used [0x00000000ebb00000,0x00000000ebd7ba08,0x00000000ebd80000)
  to   space 2560K, 0% used [0x00000000ece00000,0x00000000ece00000,0x00000000ed080000)
 ParOldGen       total 43520K, used 8940K [0x00000000c0000000, 0x00000000c2a80000, 0x00000000eaa80000)
  object space 43520K, 20% used [0x00000000c0000000,0x00000000c08bb050,0x00000000c2a80000)
 PSPermGen       total 21504K, used 7976K [0x00000000bae00000, 0x00000000bc300000, 0x00000000c0000000)
  object space 21504K, 37% used [0x00000000bae00000,0x00000000bb5ca160,0x00000000bc300000)
}
Event: 2.829 GC heap before
{Heap before GC invocations=4 (full 0):
 PSYoungGen      total 19456K, used 18996K [0x00000000eaa80000, 0x00000000ed080000, 0x0000000100000000)
  eden space 16896K, 97% used [0x00000000eaa80000,0x00000000eba918c8,0x00000000ebb00000)
  from space 2560K, 99% used [0x00000000ebb00000,0x00000000ebd7ba08,0x00000000ebd80000)
  to   space 2560K, 0% used [0x00000000ece00000,0x00000000ece00000,0x00000000ed080000)
 ParOldGen       total 43520K, used 8940K [0x00000000c0000000, 0x00000000c2a80000, 0x00000000eaa80000)
  object space 43520K, 20% used [0x00000000c0000000,0x00000000c08bb050,0x00000000c2a80000)
 PSPermGen       total 21504K, used 7977K [0x00000000bae00000, 0x00000000bc300000, 0x00000000c0000000)
  object space 21504K, 37% used [0x00000000bae00000,0x00000000bb5ca590,0x00000000bc300000)
Event: 2.833 GC heap after
Heap after GC invocations=4 (full 0):
 PSYoungGen      total 36352K, used 2548K [0x00000000eaa80000, 0x00000000ed080000, 0x0000000100000000)
  eden space 33792K, 0% used [0x00000000eaa80000,0x00000000eaa80000,0x00000000ecb80000)
  from space 2560K, 99% used [0x00000000ece00000,0x00000000ed07d030,0x00000000ed080000)
  to   space 2560K, 0% used [0x00000000ecb80000,0x00000000ecb80000,0x00000000ece00000)
 ParOldGen       total 43520K, used 9856K [0x00000000c0000000, 0x00000000c2a80000, 0x00000000eaa80000)
  object space 43520K, 22% used [0x00000000c0000000,0x00000000c09a0060,0x00000000c2a80000)
 PSPermGen       total 21504K, used 7977K [0x00000000bae00000, 0x00000000bc300000, 0x00000000c0000000)
  object space 21504K, 37% used [0x00000000bae00000,0x00000000bb5ca590,0x00000000bc300000)
}
Event: 3.359 GC heap before
{Heap before GC invocations=5 (full 0):
 PSYoungGen      total 36352K, used 36035K [0x00000000eaa80000, 0x00000000ed080000, 0x0000000100000000)
  eden space 33792K, 99% used [0x00000000eaa80000,0x00000000ecb33e88,0x00000000ecb80000)
  from space 2560K, 99% used [0x00000000ece00000,0x00000000ed07d030,0x00000000ed080000)
  to   space 2560K, 0% used [0x00000000ecb80000,0x00000000ecb80000,0x00000000ece00000)
 ParOldGen       total 43520K, used 10756K [0x00000000c0000000, 0x00000000c2a80000, 0x00000000eaa80000)
  object space 43520K, 24% used [0x00000000c0000000,0x00000000c0a81070,0x00000000c2a80000)
 PSPermGen       total 21504K, used 7979K [0x00000000bae00000, 0x00000000bc300000, 0x00000000c0000000)
  object space 21504K, 37% used [0x00000000bae00000,0x00000000bb5cac60,0x00000000bc300000)
Event: 3.364 GC heap after
Heap after GC invocations=5 (full 0):
 PSYoungGen      total 36352K, used 2532K [0x00000000eaa80000, 0x00000000ef680000, 0x0000000100000000)
  eden space 33792K, 0% used [0x00000000eaa80000,0x00000000eaa80000,0x00000000ecb80000)
  from space 2560K, 98% used [0x00000000ecb80000,0x00000000ecdf9040,0x00000000ece00000)
  to   space 5120K, 0% used [0x00000000ef180000,0x00000000ef180000,0x00000000ef680000)
 ParOldGen       total 43520K, used 10796K [0x00000000c0000000, 0x00000000c2a80000, 0x00000000eaa80000)
  object space 43520K, 24% used [0x00000000c0000000,0x00000000c0a8b070,0x00000000c2a80000)
 PSPermGen       total 21504K, used 7979K [0x00000000bae00000, 0x00000000bc300000, 0x00000000c0000000)
  object space 21504K, 37% used [0x00000000bae00000,0x00000000bb5cac60,0x00000000bc300000)
}
Event: 4.158 GC heap before
{Heap before GC invocations=6 (full 0):
 PSYoungGen      total 36352K, used 36324K [0x00000000eaa80000, 0x00000000ef680000, 0x0000000100000000)
  eden space 33792K, 100% used [0x00000000eaa80000,0x00000000ecb80000,0x00000000ecb80000)
  from space 2560K, 98% used [0x00000000ecb80000,0x00000000ecdf9040,0x00000000ece00000)
  to   space 5120K, 0% used [0x00000000ef180000,0x00000000ef180000,0x00000000ef680000)
 ParOldGen       total 43520K, used 28263K [0x00000000c0000000, 0x00000000c2a80000, 0x00000000eaa80000)
  object space 43520K, 64% used [0x00000000c0000000,0x00000000c1b99e58,0x00000000c2a80000)
 PSPermGen       total 21504K, used 7981K [0x00000000bae00000, 0x00000000bc300000, 0x00000000c0000000)
  object space 21504K, 37% used [0x00000000bae00000,0x00000000bb5cb5c8,0x00000000bc300000)
Event: 4.161 GC heap after
Heap after GC invocations=6 (full 0):
 PSYoungGen      total 72704K, used 448K [0x00000000eaa80000, 0x00000000ef680000, 0x0000000100000000)
  eden space 67584K, 0% used [0x00000000eaa80000,0x00000000eaa80000,0x00000000eec80000)
  from space 5120K, 8% used [0x00000000ef180000,0x00000000ef1f0020,0x00000000ef680000)
  to   space 5120K, 0% used [0x00000000eec80000,0x00000000eec80000,0x00000000ef180000)
 ParOldGen       total 43520K, used 28263K [0x00000000c0000000, 0x00000000c2a80000, 0x00000000eaa80000)
  object space 43520K, 64% used [0x00000000c0000000,0x00000000c1b99e58,0x00000000c2a80000)
 PSPermGen       total 21504K, used 7981K [0x00000000bae00000, 0x00000000bc300000, 0x00000000c0000000)
  object space 21504K, 37% used [0x00000000bae00000,0x00000000bb5cb5c8,0x00000000bc300000)
}
Event: 5.166 GC heap before
{Heap before GC invocations=7 (full 0):
 PSYoungGen      total 72704K, used 68002K [0x00000000eaa80000, 0x00000000ef680000, 0x0000000100000000)
  eden space 67584K, 99% used [0x00000000eaa80000,0x00000000eec78b88,0x00000000eec80000)
  from space 5120K, 8% used [0x00000000ef180000,0x00000000ef1f0020,0x00000000ef680000)
  to   space 5120K, 0% used [0x00000000eec80000,0x00000000eec80000,0x00000000ef180000)
 ParOldGen       total 43520K, used 28563K [0x00000000c0000000, 0x00000000c2a80000, 0x00000000eaa80000)
  object space 43520K, 65% used [0x00000000c0000000,0x00000000c1be4e68,0x00000000c2a80000)
 PSPermGen       total 21504K, used 7988K [0x00000000bae00000, 0x00000000bc300000, 0x00000000c0000000)
  object space 21504K, 37% used [0x00000000bae00000,0x00000000bb5cd2e8,0x00000000bc300000)
Event: 5.172 GC heap after
Heap after GC invocations=7 (full 0):
 PSYoungGen      total 72704K, used 2820K [0x00000000eaa80000, 0x00000000f3880000, 0x0000000100000000)
  eden space 67584K, 0% used [0x00000000eaa80000,0x00000000eaa80000,0x00000000eec80000)
  from space 5120K, 55% used [0x00000000eec80000,0x00000000eef41150,0x00000000ef180000)
  to   space 5120K, 0% used [0x00000000f3380000,0x00000000f3380000,0x00000000f3880000)
 ParOldGen       total 43520K, used 28939K [0x00000000c0000000, 0x00000000c2a80000, 0x00000000eaa80000)
  object space 43520K, 66% used [0x00000000c0000000,0x00000000c1c42eb8,0x00000000c2a80000)
 PSPermGen       total 21504K, used 7988K [0x00000000bae00000, 0x00000000bc300000, 0x00000000c0000000)
  object space 21504K, 37% used [0x00000000bae00000,0x00000000bb5cd2e8,0x00000000bc300000)
}

Deoptimization events (1 events):
Event: 5.503 Thread 0x000000000d36d800 Uncommon trap: reason=predicate action=maybe_recompile pc=0x00000000026c8650 method=java.util.Arrays.fill([Ljava/lang/Object;Ljava/lang/Object;)V @ 10

Internal exceptions (10 events):
Event: 1.428 Thread 0x00000000021dd800 Threw 0x00000000eac79838 at C:\jdk7u2_64p\jdk7u40\hotspot\src\share\vm\prims\jvm.cpp:1244
Event: 1.512 Thread 0x00000000021dd800 Threw 0x00000000eacdb558 at C:\jdk7u2_64p\jdk7u40\hotspot\src\share\vm\prims\jvm.cpp:1244
Event: 1.513 Thread 0x00000000021dd800 Threw 0x00000000eacdf118 at C:\jdk7u2_64p\jdk7u40\hotspot\src\share\vm\prims\jvm.cpp:1244
Event: 1.514 Thread 0x00000000021dd800 Threw 0x00000000eace2528 at C:\jdk7u2_64p\jdk7u40\hotspot\src\share\vm\prims\jvm.cpp:1244
Event: 1.518 Thread 0x00000000021dd800 Threw 0x00000000ead0eea0 at C:\jdk7u2_64p\jdk7u40\hotspot\src\share\vm\prims\jvm.cpp:1244
Event: 1.519 Thread 0x00000000021dd800 Threw 0x00000000ead12ab0 at C:\jdk7u2_64p\jdk7u40\hotspot\src\share\vm\prims\jvm.cpp:1244
Event: 1.520 Thread 0x00000000021dd800 Threw 0x00000000ead17340 at C:\jdk7u2_64p\jdk7u40\hotspot\src\share\vm\prims\jvm.cpp:1244
Event: 1.837 Thread 0x00000000021dd800 Threw 0x00000000ead1c150 at C:\jdk7u2_64p\jdk7u40\hotspot\src\share\vm\prims\jvm.cpp:1244
Event: 1.838 Thread 0x00000000021dd800 Threw 0x00000000ead20dd0 at C:\jdk7u2_64p\jdk7u40\hotspot\src\share\vm\prims\jvm.cpp:1244
Event: 1.846 Thread 0x00000000021dd800 Threw 0x00000000ead89768 at C:\jdk7u2_64p\jdk7u40\hotspot\src\share\vm\prims\jvm.cpp:1244

Events (10 events):
Event: 5.503 Thread 0x000000000d36d800 DEOPT UNPACKING pc=0x0000000002669064 sp=0x00000000103fc210 mode 2
Event: 5.583 Thread 0x000000000d653800 Thread added: 0x000000000d653800
Event: 5.583 Thread 0x000000000d654000 Thread added: 0x000000000d654000
Event: 5.583 Thread 0x000000000d654000 Thread exited: 0x000000000d654000
Event: 5.584 Thread 0x000000000d3c0000 Thread exited: 0x000000000d3c0000
Event: 5.585 loading class 0x000000000d302940
Event: 5.585 loading class 0x000000000d302940 done
Event: 5.653 Thread 0x000000000838d800 Thread exited: 0x000000000838d800
Event: 5.685 Thread 0x000000000d653800 Thread exited: 0x000000000d653800
Event: 5.685 Executing VM operation: Exit


Dynamic libraries:
0x000000013f750000 - 0x000000013f783000 	C:\Program Files\Java\jre7\bin\javaw.exe
0x0000000076d60000 - 0x0000000076f09000 	C:\Windows\SYSTEM32\ntdll.dll
0x0000000071300000 - 0x000000007134e000 	C:\Program Files\AVAST Software\Avast\snxhk64.dll
0x0000000076c40000 - 0x0000000076d5f000 	C:\Windows\system32\KERNEL32.dll
0x000007fefcd40000 - 0x000007fefcdab000 	C:\Windows\system32\KERNELBASE.dll
0x000007fefe7a0000 - 0x000007fefe87b000 	C:\Windows\system32\ADVAPI32.dll
0x000007fefe500000 - 0x000007fefe59f000 	C:\Windows\system32\msvcrt.dll
0x000007fefd500000 - 0x000007fefd51f000 	C:\Windows\SYSTEM32\sechost.dll
0x000007fefd520000 - 0x000007fefd64d000 	C:\Windows\system32\RPCRT4.dll
0x0000000076b40000 - 0x0000000076c3a000 	C:\Windows\system32\USER32.dll
0x000007fefedc0000 - 0x000007fefee27000 	C:\Windows\system32\GDI32.dll
0x000007fefe5d0000 - 0x000007fefe5de000 	C:\Windows\system32\LPK.dll
0x000007fefe9a0000 - 0x000007fefea69000 	C:\Windows\system32\USP10.dll
0x000007fefb730000 - 0x000007fefb924000 	C:\Windows\WinSxS\amd64_microsoft.windows.common-controls_6595b64144ccf1df_6.0.7601.17514_none_fa396087175ac9ac\COMCTL32.dll
0x000007fefe480000 - 0x000007fefe4f1000 	C:\Windows\system32\SHLWAPI.dll
0x000007fefe5a0000 - 0x000007fefe5ce000 	C:\Windows\system32\IMM32.DLL
0x000007fefea80000 - 0x000007fefeb89000 	C:\Windows\system32\MSCTF.dll
0x0000000057070000 - 0x0000000057141000 	C:\Program Files\Java\jre7\bin\msvcr100.dll
0x00000000568a0000 - 0x0000000057069000 	C:\Program Files\Java\jre7\bin\server\jvm.dll
0x000007feeb070000 - 0x000007feeb079000 	C:\Windows\system32\WSOCK32.dll
0x000007fefd1f0000 - 0x000007fefd23d000 	C:\Windows\system32\WS2_32.dll
0x000007fefea70000 - 0x000007fefea78000 	C:\Windows\system32\NSI.dll
0x000007fefaa00000 - 0x000007fefaa3b000 	C:\Windows\system32\WINMM.dll
0x0000000076f20000 - 0x0000000076f27000 	C:\Windows\system32\PSAPI.DLL
0x0000000073cc0000 - 0x0000000073ccf000 	C:\Program Files\Java\jre7\bin\verify.dll
0x0000000071580000 - 0x00000000715a8000 	C:\Program Files\Java\jre7\bin\java.dll
0x0000000071560000 - 0x0000000071575000 	C:\Program Files\Java\jre7\bin\zip.dll
0x000007fed6880000 - 0x000007fed7128000 	C:\Users\William\git\Blob\BlobDetection\lib\x64\opencv_java248.dll
0x000007fef1db0000 - 0x000007fef1dcf000 	C:\Windows\system32\AVIFIL32.dll
0x000007fefebb0000 - 0x000007fefedb3000 	C:\Windows\system32\ole32.dll
0x000007feee4e0000 - 0x000007feee4f8000 	C:\Windows\system32\MSACM32.dll
0x000007fef1d80000 - 0x000007fef1da9000 	C:\Windows\system32\MSVFW32.dll
0x000007fefd6f0000 - 0x000007fefe478000 	C:\Windows\system32\SHELL32.dll
0x000007feec800000 - 0x000007feec817000 	C:\Windows\system32\AVICAP32.dll
0x000007fefbc20000 - 0x000007fefbc2c000 	C:\Windows\system32\VERSION.dll
0x000007fefd240000 - 0x000007fefd317000 	C:\Windows\system32\OLEAUT32.dll
0x000007fefca40000 - 0x000007fefca4f000 	C:\Windows\system32\CRYPTBASE.dll
0x000007fefb2d0000 - 0x000007fefb326000 	C:\Windows\system32\uxtheme.dll
0x000007fefd650000 - 0x000007fefd6e9000 	C:\Windows\system32\CLBCatQ.DLL
0x000007feeb8e0000 - 0x000007feeb8f6000 	C:\Windows\system32\devenum.dll
0x000007fefd320000 - 0x000007fefd4f7000 	C:\Windows\system32\setupapi.dll
0x000007fefcc60000 - 0x000007fefcc96000 	C:\Windows\system32\CFGMGR32.dll
0x000007fefcd20000 - 0x000007fefcd3a000 	C:\Windows\system32\DEVOBJ.dll
0x000007fefb580000 - 0x000007fefb5ad000 	C:\Windows\system32\ntmarta.dll
0x000007fefe5e0000 - 0x000007fefe632000 	C:\Windows\system32\WLDAP32.dll
0x000007fefccd0000 - 0x000007fefcd0a000 	C:\Windows\system32\WINTRUST.dll
0x000007fefcdc0000 - 0x000007fefcf2c000 	C:\Windows\system32\CRYPT32.dll
0x000007fefcbb0000 - 0x000007fefcbbf000 	C:\Windows\system32\MSASN1.dll
0x000007feeb8d0000 - 0x000007feeb8dd000 	C:\Windows\system32\msdmo.dll
0x000007feec690000 - 0x000007feec6bf000 	C:\Windows\system32\qcap.dll
0x000007feebe30000 - 0x000007feebfe2000 	C:\Windows\system32\quartz.dll
0x000007fefad40000 - 0x000007fefad58000 	C:\Windows\system32\dwmapi.dll
0x000007fee2d40000 - 0x000007fee2d81000 	C:\Windows\system32\ksproxy.ax
0x0000000074510000 - 0x0000000074516000 	C:\Windows\system32\ksuser.dll
0x000007fef2150000 - 0x000007fef234f000 	C:\Windows\system32\d3d9.dll
0x000007fef27b0000 - 0x000007fef27b7000 	C:\Windows\system32\d3d8thk.dll
0x000007fef1880000 - 0x000007fef188b000 	C:\Windows\system32\vidcap.ax
0x000007feea9b0000 - 0x000007feea9d4000 	C:\Windows\system32\kswdmcap.ax
0x000007fedd280000 - 0x000007fedd3dc000 	C:\Windows\system32\MFC42.dll
0x000007fee2c80000 - 0x000007fee2d31000 	C:\Windows\system32\ODBC32.dll
0x00000000571f0000 - 0x0000000057228000 	C:\Windows\system32\odbcint.dll
0x000007fee2820000 - 0x000007fee28bb000 	C:\Windows\System32\qedit.dll
0x000007fefe880000 - 0x000007fefe917000 	C:\Windows\system32\COMDLG32.dll
0x000007fefb0b0000 - 0x000007fefb2c6000 	C:\Windows\WinSxS\amd64_microsoft.windows.gdiplus_6595b64144ccf1df_1.1.7601.18120_none_2b25b14c71ebf230\gdiplus.dll
0x000007feeb0d0000 - 0x000007feeb1c1000 	C:\Windows\system32\DDRAW.dll
0x000007feec410000 - 0x000007feec418000 	C:\Windows\system32\DCIMAN32.dll
0x0000000053570000 - 0x0000000053705000 	C:\Program Files\Java\jre7\bin\awt.dll
0x00000000571b0000 - 0x00000000571ef000 	C:\Program Files\Java\jre7\bin\fontmanager.dll
0x000007fedd980000 - 0x000007feddaa5000 	C:\Windows\system32\dbghelp.dll

VM Arguments:
jvm_args: -Djava.library.path=C:\Users\William\git\Blob\BlobDetection\lib\x64 -Dfile.encoding=Cp1252 
java_command: Start
Launcher Type: SUN_STANDARD

Environment Variables:
PATH=C:\Windows\system32;C:\Windows;C:\Windows\System32\Wbem;C:\Windows\System32\WindowsPowerShell\v1.0\;C:\Program Files (x86)\ATI Technologies\ATI.ACE\Core-Static;C:\Program Files\Microsoft\Web Platform Installer\;C:\Program Files (x86)\Microsoft ASP.NET\ASP.NET Web Pages\v1.0\;C:\Program Files (x86)\Windows Kits\8.0\Windows Performance Toolkit\;C:\Program Files\Microsoft SQL Server\110\Tools\Binn\;C:\Program Files\TortoiseSVN\bin;c:\Program Files (x86)\Microsoft SQL Server\100\Tools\Binn\;c:\Program Files\Microsoft SQL Server\100\Tools\Binn\;c:\Program Files\Microsoft SQL Server\100\DTS\Binn\;C:\Program Files (x86)\Microsoft SQL Server\100\Tools\Binn\VSShell\Common7\IDE\;C:\Program Files (x86)\Microsoft Visual Studio 9.0\Common7\IDE\PrivateAssemblies\;C:\Program Files (x86)\Microsoft SQL Server\100\DTS\Binn\;C:\Program Files\OpenVPN\bin
USERNAME=William
OS=Windows_NT
PROCESSOR_IDENTIFIER=Intel64 Family 6 Model 23 Stepping 6, GenuineIntel



---------------  S Y S T E M  ---------------

OS: Windows 7 , 64 bit Build 7601 Service Pack 1

CPU:total 2 (2 cores per cpu, 1 threads per core) family 6 model 23 stepping 6, cmov, cx8, fxsr, mmx, sse, sse2, sse3, ssse3, tsc

Memory: 4k page, physical 4193512k(1894996k free), swap 8385160k(3993064k free)

vm_info: Java HotSpot(TM) 64-Bit Server VM (24.0-b56) for windows-amd64 JRE (1.7.0_40-b43), built on Aug 26 2013 22:38:32 by "java_re" with unknown MS VC++:1600

time: Sun Apr 06 13:30:16 2014
elapsed time: 6 seconds

